{"uid":"fe362c0c5bbf34da","name":"test_download_file","fullName":"tests.test_upload_download.TestUploadDownload#test_download_file","historyId":"f6cc7d1372648418a2338f64a94b8ef4","time":{"start":1687070042431,"stop":1687070043460,"duration":1029},"description":"Test to verify downloading a file\n\n        :param test_setup: setting up the browser and page objects\n        :return: None\n        ","descriptionHtml":"<p>Test to verify downloading a file</p>\n<pre><code>    :param test_setup: setting up the browser and page objects\n    :return: None\n</code></pre>\n","status":"broken","statusMessage":"selenium.common.exceptions.TimeoutException: Message: \nStacktrace:\n#0 0x55bd5ecf14e3 <unknown>\n#1 0x55bd5ea20c76 <unknown>\n#2 0x55bd5ea5cc96 <unknown>\n#3 0x55bd5ea5cdc1 <unknown>\n#4 0x55bd5ea967f4 <unknown>\n#5 0x55bd5ea7c03d <unknown>\n#6 0x55bd5ea9430e <unknown>\n#7 0x55bd5ea7bde3 <unknown>\n#8 0x55bd5ea512dd <unknown>\n#9 0x55bd5ea5234e <unknown>\n#10 0x55bd5ecb13e4 <unknown>\n#11 0x55bd5ecb53d7 <unknown>\n#12 0x55bd5ecbfb20 <unknown>\n#13 0x55bd5ecb6023 <unknown>\n#14 0x55bd5ec841aa <unknown>\n#15 0x55bd5ecda6b8 <unknown>\n#16 0x55bd5ecda847 <unknown>\n#17 0x55bd5ecea243 <unknown>\n#18 0x7fbba8158b43 <unknown>","statusTrace":"self = <tests.test_upload_download.TestUploadDownload object at 0x7f50f51a6da0>\ntest_setup = None\n\n    @pytest.mark.regression\n    def test_download_file(self, test_setup):\n        \"\"\"Test to verify downloading a file\n    \n        :param test_setup: setting up the browser and page objects\n        :return: None\n        \"\"\"\n>       self.manage_file.download_file()\n\ntests/test_upload_download.py:52: \n_ _ _ _ _ _ _ _ _ _ _ _ _ _ _ _ _ _ _ _ _ _ _ _ _ _ _ _ _ _ _ _ _ _ _ _ _ _ _ _ \npages/upload_and_download_page.py:28: in download_file\n    self.__download_button.click()\nutils/UIObject.py:94: in click\n    self.wait_to_be_clickable(wait)\nutils/UIObject.py:61: in wait_to_be_clickable\n    if self.is_clickable():\nutils/UIObject.py:56: in is_clickable\n    return self.exists() and is_clickable(self.by, self.locator)\nutils/UIObject.py:42: in exists\n    WebDriverWait(Browser.get_driver(), timeout).until(EC.presence_of_element_located((self.by, self.locator)))\n_ _ _ _ _ _ _ _ _ _ _ _ _ _ _ _ _ _ _ _ _ _ _ _ _ _ _ _ _ _ _ _ _ _ _ _ _ _ _ _ \n\nself = <selenium.webdriver.support.wait.WebDriverWait (session=\"62ceaf5f462a1357345dbff8643e5e25\")>\nmethod = <function presence_of_element_located.<locals>._predicate at 0x7f50f5146320>\nmessage = ''\n\n    def until(self, method, message: str = \"\"):\n        \"\"\"Calls the method provided with the driver as an argument until the \\\n        return value does not evaluate to ``False``.\n    \n        :param method: callable(WebDriver)\n        :param message: optional message for :exc:`TimeoutException`\n        :returns: the result of the last call to `method`\n        :raises: :exc:`selenium.common.exceptions.TimeoutException` if timeout occurs\n        \"\"\"\n        screen = None\n        stacktrace = None\n    \n        end_time = time.monotonic() + self._timeout\n        while True:\n            try:\n                value = method(self._driver)\n                if value:\n                    return value\n            except self._ignored_exceptions as exc:\n                screen = getattr(exc, \"screen\", None)\n                stacktrace = getattr(exc, \"stacktrace\", None)\n            time.sleep(self._poll)\n            if time.monotonic() > end_time:\n                break\n>       raise TimeoutException(message, screen, stacktrace)\nE       selenium.common.exceptions.TimeoutException: Message: \nE       Stacktrace:\nE       #0 0x55bd5ecf14e3 <unknown>\nE       #1 0x55bd5ea20c76 <unknown>\nE       #2 0x55bd5ea5cc96 <unknown>\nE       #3 0x55bd5ea5cdc1 <unknown>\nE       #4 0x55bd5ea967f4 <unknown>\nE       #5 0x55bd5ea7c03d <unknown>\nE       #6 0x55bd5ea9430e <unknown>\nE       #7 0x55bd5ea7bde3 <unknown>\nE       #8 0x55bd5ea512dd <unknown>\nE       #9 0x55bd5ea5234e <unknown>\nE       #10 0x55bd5ecb13e4 <unknown>\nE       #11 0x55bd5ecb53d7 <unknown>\nE       #12 0x55bd5ecbfb20 <unknown>\nE       #13 0x55bd5ecb6023 <unknown>\nE       #14 0x55bd5ec841aa <unknown>\nE       #15 0x55bd5ecda6b8 <unknown>\nE       #16 0x55bd5ecda847 <unknown>\nE       #17 0x55bd5ecea243 <unknown>\nE       #18 0x7fbba8158b43 <unknown>\n\n/opt/hostedtoolcache/Python/3.10.12/x64/lib/python3.10/site-packages/selenium/webdriver/support/wait.py:95: TimeoutException","flaky":false,"newFailed":false,"newBroken":false,"newPassed":false,"retriesCount":0,"retriesStatusChange":false,"beforeStages":[{"name":"new_session","time":{"start":1687070039056,"stop":1687070041986,"duration":2930},"status":"passed","steps":[],"attachments":[],"parameters":[],"attachmentsCount":0,"shouldDisplayMessage":false,"hasContent":false,"stepsCount":0},{"name":"test_setup","time":{"start":1687070041986,"stop":1687070042431,"duration":445},"status":"passed","steps":[],"attachments":[],"parameters":[],"attachmentsCount":0,"shouldDisplayMessage":false,"hasContent":false,"stepsCount":0}],"afterStages":[{"name":"test_setup::0","time":{"start":1687070043473,"stop":1687070043473,"duration":0},"status":"passed","steps":[],"attachments":[],"parameters":[],"attachmentsCount":0,"shouldDisplayMessage":false,"hasContent":false,"stepsCount":0},{"name":"new_session::0","time":{"start":1687070043474,"stop":1687070043644,"duration":170},"status":"passed","steps":[],"attachments":[{"uid":"685cdf0b46983e7d","name":"teardown_screenshot","source":"685cdf0b46983e7d.png","type":"image/png","size":206203}],"parameters":[],"attachmentsCount":1,"shouldDisplayMessage":false,"hasContent":true,"stepsCount":0}],"labels":[{"name":"tag","value":"regression"},{"name":"parentSuite","value":"tests"},{"name":"suite","value":"test_upload_download"},{"name":"subSuite","value":"TestUploadDownload"},{"name":"host","value":"fv-az298-776"},{"name":"thread","value":"2645-MainThread"},{"name":"framework","value":"pytest"},{"name":"language","value":"cpython3"},{"name":"package","value":"tests.test_upload_download"},{"name":"resultFormat","value":"allure2"}],"parameters":[],"links":[],"hidden":false,"retry":false,"extra":{"severity":"normal","retries":[],"categories":[{"name":"Test defects","matchedStatuses":[],"flaky":false}],"tags":["regression"]},"source":"fe362c0c5bbf34da.json","parameterValues":[]}